  Appearance.cpp
  Application.cpp
C:\Users\nihar\OneDrive\Desktop\YEAR 2\Games and Graphics\Semester 2\COSE50581 Tutorial Framework Semester\FGGC Framework Semester 2\Transform.h(44): warning C4238: nonstandard extension used: class rvalue used as lvalue
C:\Users\nihar\OneDrive\Desktop\YEAR 2\Games and Graphics\Semester 2\COSE50581 Tutorial Framework Semester\FGGC Framework Semester 2\Application.h(129,42): warning C4316: 'Transform': object allocated on the heap may not be aligned 16
C:\Users\nihar\OneDrive\Desktop\YEAR 2\Games and Graphics\Semester 2\COSE50581 Tutorial Framework Semester\FGGC Framework Semester 2\Application.cpp(736,20): warning C4018: '<': signed/unsigned mismatch
C:\Users\nihar\OneDrive\Desktop\YEAR 2\Games and Graphics\Semester 2\COSE50581 Tutorial Framework Semester\FGGC Framework Semester 2\Application.cpp(738,21): warning C4018: '<': signed/unsigned mismatch
  Camera.cpp
  DDSTextureLoader.cpp
  Main.cpp
C:\Users\nihar\OneDrive\Desktop\YEAR 2\Games and Graphics\Semester 2\COSE50581 Tutorial Framework Semester\FGGC Framework Semester 2\Transform.h(44): warning C4238: nonstandard extension used: class rvalue used as lvalue
C:\Users\nihar\OneDrive\Desktop\YEAR 2\Games and Graphics\Semester 2\COSE50581 Tutorial Framework Semester\FGGC Framework Semester 2\Application.h(129,42): warning C4316: 'Transform': object allocated on the heap may not be aligned 16
  GameObject.cpp
C:\Users\nihar\OneDrive\Desktop\YEAR 2\Games and Graphics\Semester 2\COSE50581 Tutorial Framework Semester\FGGC Framework Semester 2\Transform.h(44): warning C4238: nonstandard extension used: class rvalue used as lvalue
C:\Users\nihar\OneDrive\Desktop\YEAR 2\Games and Graphics\Semester 2\COSE50581 Tutorial Framework Semester\FGGC Framework Semester 2\GameObject.cpp(14,103): warning C4316: 'Transform': object allocated on the heap may not be aligned 16
  ParticleModel.cpp
C:\Users\nihar\OneDrive\Desktop\YEAR 2\Games and Graphics\Semester 2\COSE50581 Tutorial Framework Semester\FGGC Framework Semester 2\Transform.h(44): warning C4238: nonstandard extension used: class rvalue used as lvalue
C:\Users\nihar\OneDrive\Desktop\YEAR 2\Games and Graphics\Semester 2\COSE50581 Tutorial Framework Semester\FGGC Framework Semester 2\ParticleModel.cpp(59,48): warning C4100: 't': unreferenced formal parameter
  ParticleSystem.cpp
C:\Users\nihar\OneDrive\Desktop\YEAR 2\Games and Graphics\Semester 2\COSE50581 Tutorial Framework Semester\FGGC Framework Semester 2\Transform.h(44): warning C4238: nonstandard extension used: class rvalue used as lvalue
C:\Users\nihar\OneDrive\Desktop\YEAR 2\Games and Graphics\Semester 2\COSE50581 Tutorial Framework Semester\FGGC Framework Semester 2\ParticleSystem.cpp(5,103): warning C4316: 'Transform': object allocated on the heap may not be aligned 16
C:\Users\nihar\OneDrive\Desktop\YEAR 2\Games and Graphics\Semester 2\COSE50581 Tutorial Framework Semester\FGGC Framework Semester 2\ParticleSystem.cpp(59,10): warning C4244: 'initializing': conversion from 'double' to 'float', possible loss of data
C:\Users\nihar\OneDrive\Desktop\YEAR 2\Games and Graphics\Semester 2\COSE50581 Tutorial Framework Semester\FGGC Framework Semester 2\ParticleSystem.cpp(60,10): warning C4244: 'initializing': conversion from 'double' to 'float', possible loss of data
C:\Users\nihar\OneDrive\Desktop\YEAR 2\Games and Graphics\Semester 2\COSE50581 Tutorial Framework Semester\FGGC Framework Semester 2\ParticleSystem.cpp(61,10): warning C4244: 'initializing': conversion from 'double' to 'float', possible loss of data
C:\Users\nihar\OneDrive\Desktop\YEAR 2\Games and Graphics\Semester 2\COSE50581 Tutorial Framework Semester\FGGC Framework Semester 2\ParticleSystem.cpp(83,49): warning C4100: 't': unreferenced formal parameter
  Transform.cpp
C:\Users\nihar\OneDrive\Desktop\YEAR 2\Games and Graphics\Semester 2\COSE50581 Tutorial Framework Semester\FGGC Framework Semester 2\Transform.h(44): warning C4238: nonstandard extension used: class rvalue used as lvalue
  Vector.cpp
C:\Users\nihar\OneDrive\Desktop\YEAR 2\Games and Graphics\Semester 2\COSE50581 Tutorial Framework Semester\FGGC Framework Semester 2\Vector.cpp(92,48): warning C4239: nonstandard extension used: 'return': conversion from 'Vector' to 'Vector &'
C:\Users\nihar\OneDrive\Desktop\YEAR 2\Games and Graphics\Semester 2\COSE50581 Tutorial Framework Semester\FGGC Framework Semester 2\Vector.cpp(92,48): message : A non-const reference may only be bound to an lvalue
  Generating Code...
C:\Users\nihar\OneDrive\Desktop\YEAR 2\Games and Graphics\Semester 2\COSE50581 Tutorial Framework Semester\FGGC Framework Semester 2\Vector.cpp(92): warning C4172: returning address of local variable or temporary
C:\Users\nihar\OneDrive\Desktop\YEAR 2\Games and Graphics\Semester 2\COSE50581 Tutorial Framework Semester\FGGC Framework Semester 2\Transform.h(44): warning C4172: returning address of local variable or temporary
C:\Users\nihar\OneDrive\Desktop\YEAR 2\Games and Graphics\Semester 2\COSE50581 Tutorial Framework Semester\FGGC Framework Semester 2\Transform.h(44): warning C4172: returning address of local variable or temporary
Appearance.obj : warning LNK4075: ignoring '/EDITANDCONTINUE' due to '/SAFESEH' specification
  DX11 Framework.vcxproj -> C:\Users\nihar\OneDrive\Desktop\YEAR 2\Games and Graphics\Semester 2\COSE50581 Tutorial Framework Semester\FGGC Framework Semester 2\Debug\DX11 Framework.exe
